Created by PLY version 3.11 (http://www.dabeaz.com/ply)

Grammar

Rule 0     S' -> expression
Rule 1     expression -> expression PLUS expression
Rule 2     expression -> expression MINUS expression
Rule 3     expression -> expression TIMES expression
Rule 4     expression -> expression DIVIDE expression
Rule 5     expression -> expression POWER expression
Rule 6     expression -> MINUS expression
Rule 7     expression -> SIN LPAREN expression RPAREN
Rule 8     expression -> COS LPAREN expression RPAREN
Rule 9     expression -> LN LPAREN expression RPAREN
Rule 10    expression -> SQRT LPAREN expression RPAREN
Rule 11    expression -> ABS LPAREN expression RPAREN
Rule 12    expression -> EXP LPAREN expression RPAREN
Rule 13    expression -> SINH LPAREN expression RPAREN
Rule 14    expression -> COSH LPAREN expression RPAREN
Rule 15    expression -> TANH LPAREN expression RPAREN
Rule 16    expression -> ASIN LPAREN expression RPAREN
Rule 17    expression -> ACOS LPAREN expression RPAREN
Rule 18    expression -> ATAN LPAREN expression RPAREN
Rule 19    expression -> TAN LPAREN expression RPAREN
Rule 20    expression -> SEC LPAREN expression RPAREN
Rule 21    expression -> LOG LPAREN expression COMMA expression RPAREN
Rule 22    expression -> LPAREN expression RPAREN
Rule 23    expression -> NUMBER
Rule 24    expression -> VARIABLE
Rule 25    expression -> PI
Rule 26    expression -> E

Terminals, with rules where they appear

ABS                  : 11
ACOS                 : 17
ASIN                 : 16
ATAN                 : 18
COMMA                : 21
COS                  : 8
COSH                 : 14
DIVIDE               : 4
E                    : 26
EXP                  : 12
LN                   : 9
LOG                  : 21
LPAREN               : 7 8 9 10 11 12 13 14 15 16 17 18 19 20 21 22
MINUS                : 2 6
NUMBER               : 23
PI                   : 25
PLUS                 : 1
POWER                : 5
RPAREN               : 7 8 9 10 11 12 13 14 15 16 17 18 19 20 21 22
SEC                  : 20
SIN                  : 7
SINH                 : 13
SQRT                 : 10
TAN                  : 19
TANH                 : 15
TIMES                : 3
VARIABLE             : 24
error                : 

Nonterminals, with rules where they appear

expression           : 1 1 2 2 3 3 4 4 5 5 6 7 8 9 10 11 12 13 14 15 16 17 18 19 20 21 21 22 0

Parsing method: LALR

state 0

    (0) S' -> . expression
    (1) expression -> . expression PLUS expression
    (2) expression -> . expression MINUS expression
    (3) expression -> . expression TIMES expression
    (4) expression -> . expression DIVIDE expression
    (5) expression -> . expression POWER expression
    (6) expression -> . MINUS expression
    (7) expression -> . SIN LPAREN expression RPAREN
    (8) expression -> . COS LPAREN expression RPAREN
    (9) expression -> . LN LPAREN expression RPAREN
    (10) expression -> . SQRT LPAREN expression RPAREN
    (11) expression -> . ABS LPAREN expression RPAREN
    (12) expression -> . EXP LPAREN expression RPAREN
    (13) expression -> . SINH LPAREN expression RPAREN
    (14) expression -> . COSH LPAREN expression RPAREN
    (15) expression -> . TANH LPAREN expression RPAREN
    (16) expression -> . ASIN LPAREN expression RPAREN
    (17) expression -> . ACOS LPAREN expression RPAREN
    (18) expression -> . ATAN LPAREN expression RPAREN
    (19) expression -> . TAN LPAREN expression RPAREN
    (20) expression -> . SEC LPAREN expression RPAREN
    (21) expression -> . LOG LPAREN expression COMMA expression RPAREN
    (22) expression -> . LPAREN expression RPAREN
    (23) expression -> . NUMBER
    (24) expression -> . VARIABLE
    (25) expression -> . PI
    (26) expression -> . E

    MINUS           shift and go to state 2
    SIN             shift and go to state 3
    COS             shift and go to state 5
    LN              shift and go to state 6
    SQRT            shift and go to state 7
    ABS             shift and go to state 8
    EXP             shift and go to state 9
    SINH            shift and go to state 10
    COSH            shift and go to state 11
    TANH            shift and go to state 12
    ASIN            shift and go to state 13
    ACOS            shift and go to state 14
    ATAN            shift and go to state 15
    TAN             shift and go to state 16
    SEC             shift and go to state 17
    LOG             shift and go to state 18
    LPAREN          shift and go to state 4
    NUMBER          shift and go to state 19
    VARIABLE        shift and go to state 20
    PI              shift and go to state 21
    E               shift and go to state 22

    expression                     shift and go to state 1

state 1

    (0) S' -> expression .
    (1) expression -> expression . PLUS expression
    (2) expression -> expression . MINUS expression
    (3) expression -> expression . TIMES expression
    (4) expression -> expression . DIVIDE expression
    (5) expression -> expression . POWER expression

    PLUS            shift and go to state 23
    MINUS           shift and go to state 24
    TIMES           shift and go to state 25
    DIVIDE          shift and go to state 26
    POWER           shift and go to state 27


state 2

    (6) expression -> MINUS . expression
    (1) expression -> . expression PLUS expression
    (2) expression -> . expression MINUS expression
    (3) expression -> . expression TIMES expression
    (4) expression -> . expression DIVIDE expression
    (5) expression -> . expression POWER expression
    (6) expression -> . MINUS expression
    (7) expression -> . SIN LPAREN expression RPAREN
    (8) expression -> . COS LPAREN expression RPAREN
    (9) expression -> . LN LPAREN expression RPAREN
    (10) expression -> . SQRT LPAREN expression RPAREN
    (11) expression -> . ABS LPAREN expression RPAREN
    (12) expression -> . EXP LPAREN expression RPAREN
    (13) expression -> . SINH LPAREN expression RPAREN
    (14) expression -> . COSH LPAREN expression RPAREN
    (15) expression -> . TANH LPAREN expression RPAREN
    (16) expression -> . ASIN LPAREN expression RPAREN
    (17) expression -> . ACOS LPAREN expression RPAREN
    (18) expression -> . ATAN LPAREN expression RPAREN
    (19) expression -> . TAN LPAREN expression RPAREN
    (20) expression -> . SEC LPAREN expression RPAREN
    (21) expression -> . LOG LPAREN expression COMMA expression RPAREN
    (22) expression -> . LPAREN expression RPAREN
    (23) expression -> . NUMBER
    (24) expression -> . VARIABLE
    (25) expression -> . PI
    (26) expression -> . E

    MINUS           shift and go to state 2
    SIN             shift and go to state 3
    COS             shift and go to state 5
    LN              shift and go to state 6
    SQRT            shift and go to state 7
    ABS             shift and go to state 8
    EXP             shift and go to state 9
    SINH            shift and go to state 10
    COSH            shift and go to state 11
    TANH            shift and go to state 12
    ASIN            shift and go to state 13
    ACOS            shift and go to state 14
    ATAN            shift and go to state 15
    TAN             shift and go to state 16
    SEC             shift and go to state 17
    LOG             shift and go to state 18
    LPAREN          shift and go to state 4
    NUMBER          shift and go to state 19
    VARIABLE        shift and go to state 20
    PI              shift and go to state 21
    E               shift and go to state 22

    expression                     shift and go to state 28

state 3

    (7) expression -> SIN . LPAREN expression RPAREN

    LPAREN          shift and go to state 29


state 4

    (22) expression -> LPAREN . expression RPAREN
    (1) expression -> . expression PLUS expression
    (2) expression -> . expression MINUS expression
    (3) expression -> . expression TIMES expression
    (4) expression -> . expression DIVIDE expression
    (5) expression -> . expression POWER expression
    (6) expression -> . MINUS expression
    (7) expression -> . SIN LPAREN expression RPAREN
    (8) expression -> . COS LPAREN expression RPAREN
    (9) expression -> . LN LPAREN expression RPAREN
    (10) expression -> . SQRT LPAREN expression RPAREN
    (11) expression -> . ABS LPAREN expression RPAREN
    (12) expression -> . EXP LPAREN expression RPAREN
    (13) expression -> . SINH LPAREN expression RPAREN
    (14) expression -> . COSH LPAREN expression RPAREN
    (15) expression -> . TANH LPAREN expression RPAREN
    (16) expression -> . ASIN LPAREN expression RPAREN
    (17) expression -> . ACOS LPAREN expression RPAREN
    (18) expression -> . ATAN LPAREN expression RPAREN
    (19) expression -> . TAN LPAREN expression RPAREN
    (20) expression -> . SEC LPAREN expression RPAREN
    (21) expression -> . LOG LPAREN expression COMMA expression RPAREN
    (22) expression -> . LPAREN expression RPAREN
    (23) expression -> . NUMBER
    (24) expression -> . VARIABLE
    (25) expression -> . PI
    (26) expression -> . E

    MINUS           shift and go to state 2
    SIN             shift and go to state 3
    COS             shift and go to state 5
    LN              shift and go to state 6
    SQRT            shift and go to state 7
    ABS             shift and go to state 8
    EXP             shift and go to state 9
    SINH            shift and go to state 10
    COSH            shift and go to state 11
    TANH            shift and go to state 12
    ASIN            shift and go to state 13
    ACOS            shift and go to state 14
    ATAN            shift and go to state 15
    TAN             shift and go to state 16
    SEC             shift and go to state 17
    LOG             shift and go to state 18
    LPAREN          shift and go to state 4
    NUMBER          shift and go to state 19
    VARIABLE        shift and go to state 20
    PI              shift and go to state 21
    E               shift and go to state 22

    expression                     shift and go to state 30

state 5

    (8) expression -> COS . LPAREN expression RPAREN

    LPAREN          shift and go to state 31


state 6

    (9) expression -> LN . LPAREN expression RPAREN

    LPAREN          shift and go to state 32


state 7

    (10) expression -> SQRT . LPAREN expression RPAREN

    LPAREN          shift and go to state 33


state 8

    (11) expression -> ABS . LPAREN expression RPAREN

    LPAREN          shift and go to state 34


state 9

    (12) expression -> EXP . LPAREN expression RPAREN

    LPAREN          shift and go to state 35


state 10

    (13) expression -> SINH . LPAREN expression RPAREN

    LPAREN          shift and go to state 36


state 11

    (14) expression -> COSH . LPAREN expression RPAREN

    LPAREN          shift and go to state 37


state 12

    (15) expression -> TANH . LPAREN expression RPAREN

    LPAREN          shift and go to state 38


state 13

    (16) expression -> ASIN . LPAREN expression RPAREN

    LPAREN          shift and go to state 39


state 14

    (17) expression -> ACOS . LPAREN expression RPAREN

    LPAREN          shift and go to state 40


state 15

    (18) expression -> ATAN . LPAREN expression RPAREN

    LPAREN          shift and go to state 41


state 16

    (19) expression -> TAN . LPAREN expression RPAREN

    LPAREN          shift and go to state 42


state 17

    (20) expression -> SEC . LPAREN expression RPAREN

    LPAREN          shift and go to state 43


state 18

    (21) expression -> LOG . LPAREN expression COMMA expression RPAREN

    LPAREN          shift and go to state 44


state 19

    (23) expression -> NUMBER .

    PLUS            reduce using rule 23 (expression -> NUMBER .)
    MINUS           reduce using rule 23 (expression -> NUMBER .)
    TIMES           reduce using rule 23 (expression -> NUMBER .)
    DIVIDE          reduce using rule 23 (expression -> NUMBER .)
    POWER           reduce using rule 23 (expression -> NUMBER .)
    $end            reduce using rule 23 (expression -> NUMBER .)
    RPAREN          reduce using rule 23 (expression -> NUMBER .)
    COMMA           reduce using rule 23 (expression -> NUMBER .)


state 20

    (24) expression -> VARIABLE .

    PLUS            reduce using rule 24 (expression -> VARIABLE .)
    MINUS           reduce using rule 24 (expression -> VARIABLE .)
    TIMES           reduce using rule 24 (expression -> VARIABLE .)
    DIVIDE          reduce using rule 24 (expression -> VARIABLE .)
    POWER           reduce using rule 24 (expression -> VARIABLE .)
    $end            reduce using rule 24 (expression -> VARIABLE .)
    RPAREN          reduce using rule 24 (expression -> VARIABLE .)
    COMMA           reduce using rule 24 (expression -> VARIABLE .)


state 21

    (25) expression -> PI .

    PLUS            reduce using rule 25 (expression -> PI .)
    MINUS           reduce using rule 25 (expression -> PI .)
    TIMES           reduce using rule 25 (expression -> PI .)
    DIVIDE          reduce using rule 25 (expression -> PI .)
    POWER           reduce using rule 25 (expression -> PI .)
    $end            reduce using rule 25 (expression -> PI .)
    RPAREN          reduce using rule 25 (expression -> PI .)
    COMMA           reduce using rule 25 (expression -> PI .)


state 22

    (26) expression -> E .

    PLUS            reduce using rule 26 (expression -> E .)
    MINUS           reduce using rule 26 (expression -> E .)
    TIMES           reduce using rule 26 (expression -> E .)
    DIVIDE          reduce using rule 26 (expression -> E .)
    POWER           reduce using rule 26 (expression -> E .)
    $end            reduce using rule 26 (expression -> E .)
    RPAREN          reduce using rule 26 (expression -> E .)
    COMMA           reduce using rule 26 (expression -> E .)


state 23

    (1) expression -> expression PLUS . expression
    (1) expression -> . expression PLUS expression
    (2) expression -> . expression MINUS expression
    (3) expression -> . expression TIMES expression
    (4) expression -> . expression DIVIDE expression
    (5) expression -> . expression POWER expression
    (6) expression -> . MINUS expression
    (7) expression -> . SIN LPAREN expression RPAREN
    (8) expression -> . COS LPAREN expression RPAREN
    (9) expression -> . LN LPAREN expression RPAREN
    (10) expression -> . SQRT LPAREN expression RPAREN
    (11) expression -> . ABS LPAREN expression RPAREN
    (12) expression -> . EXP LPAREN expression RPAREN
    (13) expression -> . SINH LPAREN expression RPAREN
    (14) expression -> . COSH LPAREN expression RPAREN
    (15) expression -> . TANH LPAREN expression RPAREN
    (16) expression -> . ASIN LPAREN expression RPAREN
    (17) expression -> . ACOS LPAREN expression RPAREN
    (18) expression -> . ATAN LPAREN expression RPAREN
    (19) expression -> . TAN LPAREN expression RPAREN
    (20) expression -> . SEC LPAREN expression RPAREN
    (21) expression -> . LOG LPAREN expression COMMA expression RPAREN
    (22) expression -> . LPAREN expression RPAREN
    (23) expression -> . NUMBER
    (24) expression -> . VARIABLE
    (25) expression -> . PI
    (26) expression -> . E

    MINUS           shift and go to state 2
    SIN             shift and go to state 3
    COS             shift and go to state 5
    LN              shift and go to state 6
    SQRT            shift and go to state 7
    ABS             shift and go to state 8
    EXP             shift and go to state 9
    SINH            shift and go to state 10
    COSH            shift and go to state 11
    TANH            shift and go to state 12
    ASIN            shift and go to state 13
    ACOS            shift and go to state 14
    ATAN            shift and go to state 15
    TAN             shift and go to state 16
    SEC             shift and go to state 17
    LOG             shift and go to state 18
    LPAREN          shift and go to state 4
    NUMBER          shift and go to state 19
    VARIABLE        shift and go to state 20
    PI              shift and go to state 21
    E               shift and go to state 22

    expression                     shift and go to state 45

state 24

    (2) expression -> expression MINUS . expression
    (1) expression -> . expression PLUS expression
    (2) expression -> . expression MINUS expression
    (3) expression -> . expression TIMES expression
    (4) expression -> . expression DIVIDE expression
    (5) expression -> . expression POWER expression
    (6) expression -> . MINUS expression
    (7) expression -> . SIN LPAREN expression RPAREN
    (8) expression -> . COS LPAREN expression RPAREN
    (9) expression -> . LN LPAREN expression RPAREN
    (10) expression -> . SQRT LPAREN expression RPAREN
    (11) expression -> . ABS LPAREN expression RPAREN
    (12) expression -> . EXP LPAREN expression RPAREN
    (13) expression -> . SINH LPAREN expression RPAREN
    (14) expression -> . COSH LPAREN expression RPAREN
    (15) expression -> . TANH LPAREN expression RPAREN
    (16) expression -> . ASIN LPAREN expression RPAREN
    (17) expression -> . ACOS LPAREN expression RPAREN
    (18) expression -> . ATAN LPAREN expression RPAREN
    (19) expression -> . TAN LPAREN expression RPAREN
    (20) expression -> . SEC LPAREN expression RPAREN
    (21) expression -> . LOG LPAREN expression COMMA expression RPAREN
    (22) expression -> . LPAREN expression RPAREN
    (23) expression -> . NUMBER
    (24) expression -> . VARIABLE
    (25) expression -> . PI
    (26) expression -> . E

    MINUS           shift and go to state 2
    SIN             shift and go to state 3
    COS             shift and go to state 5
    LN              shift and go to state 6
    SQRT            shift and go to state 7
    ABS             shift and go to state 8
    EXP             shift and go to state 9
    SINH            shift and go to state 10
    COSH            shift and go to state 11
    TANH            shift and go to state 12
    ASIN            shift and go to state 13
    ACOS            shift and go to state 14
    ATAN            shift and go to state 15
    TAN             shift and go to state 16
    SEC             shift and go to state 17
    LOG             shift and go to state 18
    LPAREN          shift and go to state 4
    NUMBER          shift and go to state 19
    VARIABLE        shift and go to state 20
    PI              shift and go to state 21
    E               shift and go to state 22

    expression                     shift and go to state 46

state 25

    (3) expression -> expression TIMES . expression
    (1) expression -> . expression PLUS expression
    (2) expression -> . expression MINUS expression
    (3) expression -> . expression TIMES expression
    (4) expression -> . expression DIVIDE expression
    (5) expression -> . expression POWER expression
    (6) expression -> . MINUS expression
    (7) expression -> . SIN LPAREN expression RPAREN
    (8) expression -> . COS LPAREN expression RPAREN
    (9) expression -> . LN LPAREN expression RPAREN
    (10) expression -> . SQRT LPAREN expression RPAREN
    (11) expression -> . ABS LPAREN expression RPAREN
    (12) expression -> . EXP LPAREN expression RPAREN
    (13) expression -> . SINH LPAREN expression RPAREN
    (14) expression -> . COSH LPAREN expression RPAREN
    (15) expression -> . TANH LPAREN expression RPAREN
    (16) expression -> . ASIN LPAREN expression RPAREN
    (17) expression -> . ACOS LPAREN expression RPAREN
    (18) expression -> . ATAN LPAREN expression RPAREN
    (19) expression -> . TAN LPAREN expression RPAREN
    (20) expression -> . SEC LPAREN expression RPAREN
    (21) expression -> . LOG LPAREN expression COMMA expression RPAREN
    (22) expression -> . LPAREN expression RPAREN
    (23) expression -> . NUMBER
    (24) expression -> . VARIABLE
    (25) expression -> . PI
    (26) expression -> . E

    MINUS           shift and go to state 2
    SIN             shift and go to state 3
    COS             shift and go to state 5
    LN              shift and go to state 6
    SQRT            shift and go to state 7
    ABS             shift and go to state 8
    EXP             shift and go to state 9
    SINH            shift and go to state 10
    COSH            shift and go to state 11
    TANH            shift and go to state 12
    ASIN            shift and go to state 13
    ACOS            shift and go to state 14
    ATAN            shift and go to state 15
    TAN             shift and go to state 16
    SEC             shift and go to state 17
    LOG             shift and go to state 18
    LPAREN          shift and go to state 4
    NUMBER          shift and go to state 19
    VARIABLE        shift and go to state 20
    PI              shift and go to state 21
    E               shift and go to state 22

    expression                     shift and go to state 47

state 26

    (4) expression -> expression DIVIDE . expression
    (1) expression -> . expression PLUS expression
    (2) expression -> . expression MINUS expression
    (3) expression -> . expression TIMES expression
    (4) expression -> . expression DIVIDE expression
    (5) expression -> . expression POWER expression
    (6) expression -> . MINUS expression
    (7) expression -> . SIN LPAREN expression RPAREN
    (8) expression -> . COS LPAREN expression RPAREN
    (9) expression -> . LN LPAREN expression RPAREN
    (10) expression -> . SQRT LPAREN expression RPAREN
    (11) expression -> . ABS LPAREN expression RPAREN
    (12) expression -> . EXP LPAREN expression RPAREN
    (13) expression -> . SINH LPAREN expression RPAREN
    (14) expression -> . COSH LPAREN expression RPAREN
    (15) expression -> . TANH LPAREN expression RPAREN
    (16) expression -> . ASIN LPAREN expression RPAREN
    (17) expression -> . ACOS LPAREN expression RPAREN
    (18) expression -> . ATAN LPAREN expression RPAREN
    (19) expression -> . TAN LPAREN expression RPAREN
    (20) expression -> . SEC LPAREN expression RPAREN
    (21) expression -> . LOG LPAREN expression COMMA expression RPAREN
    (22) expression -> . LPAREN expression RPAREN
    (23) expression -> . NUMBER
    (24) expression -> . VARIABLE
    (25) expression -> . PI
    (26) expression -> . E

    MINUS           shift and go to state 2
    SIN             shift and go to state 3
    COS             shift and go to state 5
    LN              shift and go to state 6
    SQRT            shift and go to state 7
    ABS             shift and go to state 8
    EXP             shift and go to state 9
    SINH            shift and go to state 10
    COSH            shift and go to state 11
    TANH            shift and go to state 12
    ASIN            shift and go to state 13
    ACOS            shift and go to state 14
    ATAN            shift and go to state 15
    TAN             shift and go to state 16
    SEC             shift and go to state 17
    LOG             shift and go to state 18
    LPAREN          shift and go to state 4
    NUMBER          shift and go to state 19
    VARIABLE        shift and go to state 20
    PI              shift and go to state 21
    E               shift and go to state 22

    expression                     shift and go to state 48

state 27

    (5) expression -> expression POWER . expression
    (1) expression -> . expression PLUS expression
    (2) expression -> . expression MINUS expression
    (3) expression -> . expression TIMES expression
    (4) expression -> . expression DIVIDE expression
    (5) expression -> . expression POWER expression
    (6) expression -> . MINUS expression
    (7) expression -> . SIN LPAREN expression RPAREN
    (8) expression -> . COS LPAREN expression RPAREN
    (9) expression -> . LN LPAREN expression RPAREN
    (10) expression -> . SQRT LPAREN expression RPAREN
    (11) expression -> . ABS LPAREN expression RPAREN
    (12) expression -> . EXP LPAREN expression RPAREN
    (13) expression -> . SINH LPAREN expression RPAREN
    (14) expression -> . COSH LPAREN expression RPAREN
    (15) expression -> . TANH LPAREN expression RPAREN
    (16) expression -> . ASIN LPAREN expression RPAREN
    (17) expression -> . ACOS LPAREN expression RPAREN
    (18) expression -> . ATAN LPAREN expression RPAREN
    (19) expression -> . TAN LPAREN expression RPAREN
    (20) expression -> . SEC LPAREN expression RPAREN
    (21) expression -> . LOG LPAREN expression COMMA expression RPAREN
    (22) expression -> . LPAREN expression RPAREN
    (23) expression -> . NUMBER
    (24) expression -> . VARIABLE
    (25) expression -> . PI
    (26) expression -> . E

    MINUS           shift and go to state 2
    SIN             shift and go to state 3
    COS             shift and go to state 5
    LN              shift and go to state 6
    SQRT            shift and go to state 7
    ABS             shift and go to state 8
    EXP             shift and go to state 9
    SINH            shift and go to state 10
    COSH            shift and go to state 11
    TANH            shift and go to state 12
    ASIN            shift and go to state 13
    ACOS            shift and go to state 14
    ATAN            shift and go to state 15
    TAN             shift and go to state 16
    SEC             shift and go to state 17
    LOG             shift and go to state 18
    LPAREN          shift and go to state 4
    NUMBER          shift and go to state 19
    VARIABLE        shift and go to state 20
    PI              shift and go to state 21
    E               shift and go to state 22

    expression                     shift and go to state 49

state 28

    (6) expression -> MINUS expression .
    (1) expression -> expression . PLUS expression
    (2) expression -> expression . MINUS expression
    (3) expression -> expression . TIMES expression
    (4) expression -> expression . DIVIDE expression
    (5) expression -> expression . POWER expression

    PLUS            reduce using rule 6 (expression -> MINUS expression .)
    MINUS           reduce using rule 6 (expression -> MINUS expression .)
    TIMES           reduce using rule 6 (expression -> MINUS expression .)
    DIVIDE          reduce using rule 6 (expression -> MINUS expression .)
    POWER           reduce using rule 6 (expression -> MINUS expression .)
    $end            reduce using rule 6 (expression -> MINUS expression .)
    RPAREN          reduce using rule 6 (expression -> MINUS expression .)
    COMMA           reduce using rule 6 (expression -> MINUS expression .)

  ! PLUS            [ shift and go to state 23 ]
  ! MINUS           [ shift and go to state 24 ]
  ! TIMES           [ shift and go to state 25 ]
  ! DIVIDE          [ shift and go to state 26 ]
  ! POWER           [ shift and go to state 27 ]


state 29

    (7) expression -> SIN LPAREN . expression RPAREN
    (1) expression -> . expression PLUS expression
    (2) expression -> . expression MINUS expression
    (3) expression -> . expression TIMES expression
    (4) expression -> . expression DIVIDE expression
    (5) expression -> . expression POWER expression
    (6) expression -> . MINUS expression
    (7) expression -> . SIN LPAREN expression RPAREN
    (8) expression -> . COS LPAREN expression RPAREN
    (9) expression -> . LN LPAREN expression RPAREN
    (10) expression -> . SQRT LPAREN expression RPAREN
    (11) expression -> . ABS LPAREN expression RPAREN
    (12) expression -> . EXP LPAREN expression RPAREN
    (13) expression -> . SINH LPAREN expression RPAREN
    (14) expression -> . COSH LPAREN expression RPAREN
    (15) expression -> . TANH LPAREN expression RPAREN
    (16) expression -> . ASIN LPAREN expression RPAREN
    (17) expression -> . ACOS LPAREN expression RPAREN
    (18) expression -> . ATAN LPAREN expression RPAREN
    (19) expression -> . TAN LPAREN expression RPAREN
    (20) expression -> . SEC LPAREN expression RPAREN
    (21) expression -> . LOG LPAREN expression COMMA expression RPAREN
    (22) expression -> . LPAREN expression RPAREN
    (23) expression -> . NUMBER
    (24) expression -> . VARIABLE
    (25) expression -> . PI
    (26) expression -> . E

    MINUS           shift and go to state 2
    SIN             shift and go to state 3
    COS             shift and go to state 5
    LN              shift and go to state 6
    SQRT            shift and go to state 7
    ABS             shift and go to state 8
    EXP             shift and go to state 9
    SINH            shift and go to state 10
    COSH            shift and go to state 11
    TANH            shift and go to state 12
    ASIN            shift and go to state 13
    ACOS            shift and go to state 14
    ATAN            shift and go to state 15
    TAN             shift and go to state 16
    SEC             shift and go to state 17
    LOG             shift and go to state 18
    LPAREN          shift and go to state 4
    NUMBER          shift and go to state 19
    VARIABLE        shift and go to state 20
    PI              shift and go to state 21
    E               shift and go to state 22

    expression                     shift and go to state 50

state 30

    (22) expression -> LPAREN expression . RPAREN
    (1) expression -> expression . PLUS expression
    (2) expression -> expression . MINUS expression
    (3) expression -> expression . TIMES expression
    (4) expression -> expression . DIVIDE expression
    (5) expression -> expression . POWER expression

    RPAREN          shift and go to state 51
    PLUS            shift and go to state 23
    MINUS           shift and go to state 24
    TIMES           shift and go to state 25
    DIVIDE          shift and go to state 26
    POWER           shift and go to state 27


state 31

    (8) expression -> COS LPAREN . expression RPAREN
    (1) expression -> . expression PLUS expression
    (2) expression -> . expression MINUS expression
    (3) expression -> . expression TIMES expression
    (4) expression -> . expression DIVIDE expression
    (5) expression -> . expression POWER expression
    (6) expression -> . MINUS expression
    (7) expression -> . SIN LPAREN expression RPAREN
    (8) expression -> . COS LPAREN expression RPAREN
    (9) expression -> . LN LPAREN expression RPAREN
    (10) expression -> . SQRT LPAREN expression RPAREN
    (11) expression -> . ABS LPAREN expression RPAREN
    (12) expression -> . EXP LPAREN expression RPAREN
    (13) expression -> . SINH LPAREN expression RPAREN
    (14) expression -> . COSH LPAREN expression RPAREN
    (15) expression -> . TANH LPAREN expression RPAREN
    (16) expression -> . ASIN LPAREN expression RPAREN
    (17) expression -> . ACOS LPAREN expression RPAREN
    (18) expression -> . ATAN LPAREN expression RPAREN
    (19) expression -> . TAN LPAREN expression RPAREN
    (20) expression -> . SEC LPAREN expression RPAREN
    (21) expression -> . LOG LPAREN expression COMMA expression RPAREN
    (22) expression -> . LPAREN expression RPAREN
    (23) expression -> . NUMBER
    (24) expression -> . VARIABLE
    (25) expression -> . PI
    (26) expression -> . E

    MINUS           shift and go to state 2
    SIN             shift and go to state 3
    COS             shift and go to state 5
    LN              shift and go to state 6
    SQRT            shift and go to state 7
    ABS             shift and go to state 8
    EXP             shift and go to state 9
    SINH            shift and go to state 10
    COSH            shift and go to state 11
    TANH            shift and go to state 12
    ASIN            shift and go to state 13
    ACOS            shift and go to state 14
    ATAN            shift and go to state 15
    TAN             shift and go to state 16
    SEC             shift and go to state 17
    LOG             shift and go to state 18
    LPAREN          shift and go to state 4
    NUMBER          shift and go to state 19
    VARIABLE        shift and go to state 20
    PI              shift and go to state 21
    E               shift and go to state 22

    expression                     shift and go to state 52

state 32

    (9) expression -> LN LPAREN . expression RPAREN
    (1) expression -> . expression PLUS expression
    (2) expression -> . expression MINUS expression
    (3) expression -> . expression TIMES expression
    (4) expression -> . expression DIVIDE expression
    (5) expression -> . expression POWER expression
    (6) expression -> . MINUS expression
    (7) expression -> . SIN LPAREN expression RPAREN
    (8) expression -> . COS LPAREN expression RPAREN
    (9) expression -> . LN LPAREN expression RPAREN
    (10) expression -> . SQRT LPAREN expression RPAREN
    (11) expression -> . ABS LPAREN expression RPAREN
    (12) expression -> . EXP LPAREN expression RPAREN
    (13) expression -> . SINH LPAREN expression RPAREN
    (14) expression -> . COSH LPAREN expression RPAREN
    (15) expression -> . TANH LPAREN expression RPAREN
    (16) expression -> . ASIN LPAREN expression RPAREN
    (17) expression -> . ACOS LPAREN expression RPAREN
    (18) expression -> . ATAN LPAREN expression RPAREN
    (19) expression -> . TAN LPAREN expression RPAREN
    (20) expression -> . SEC LPAREN expression RPAREN
    (21) expression -> . LOG LPAREN expression COMMA expression RPAREN
    (22) expression -> . LPAREN expression RPAREN
    (23) expression -> . NUMBER
    (24) expression -> . VARIABLE
    (25) expression -> . PI
    (26) expression -> . E

    MINUS           shift and go to state 2
    SIN             shift and go to state 3
    COS             shift and go to state 5
    LN              shift and go to state 6
    SQRT            shift and go to state 7
    ABS             shift and go to state 8
    EXP             shift and go to state 9
    SINH            shift and go to state 10
    COSH            shift and go to state 11
    TANH            shift and go to state 12
    ASIN            shift and go to state 13
    ACOS            shift and go to state 14
    ATAN            shift and go to state 15
    TAN             shift and go to state 16
    SEC             shift and go to state 17
    LOG             shift and go to state 18
    LPAREN          shift and go to state 4
    NUMBER          shift and go to state 19
    VARIABLE        shift and go to state 20
    PI              shift and go to state 21
    E               shift and go to state 22

    expression                     shift and go to state 53

state 33

    (10) expression -> SQRT LPAREN . expression RPAREN
    (1) expression -> . expression PLUS expression
    (2) expression -> . expression MINUS expression
    (3) expression -> . expression TIMES expression
    (4) expression -> . expression DIVIDE expression
    (5) expression -> . expression POWER expression
    (6) expression -> . MINUS expression
    (7) expression -> . SIN LPAREN expression RPAREN
    (8) expression -> . COS LPAREN expression RPAREN
    (9) expression -> . LN LPAREN expression RPAREN
    (10) expression -> . SQRT LPAREN expression RPAREN
    (11) expression -> . ABS LPAREN expression RPAREN
    (12) expression -> . EXP LPAREN expression RPAREN
    (13) expression -> . SINH LPAREN expression RPAREN
    (14) expression -> . COSH LPAREN expression RPAREN
    (15) expression -> . TANH LPAREN expression RPAREN
    (16) expression -> . ASIN LPAREN expression RPAREN
    (17) expression -> . ACOS LPAREN expression RPAREN
    (18) expression -> . ATAN LPAREN expression RPAREN
    (19) expression -> . TAN LPAREN expression RPAREN
    (20) expression -> . SEC LPAREN expression RPAREN
    (21) expression -> . LOG LPAREN expression COMMA expression RPAREN
    (22) expression -> . LPAREN expression RPAREN
    (23) expression -> . NUMBER
    (24) expression -> . VARIABLE
    (25) expression -> . PI
    (26) expression -> . E

    MINUS           shift and go to state 2
    SIN             shift and go to state 3
    COS             shift and go to state 5
    LN              shift and go to state 6
    SQRT            shift and go to state 7
    ABS             shift and go to state 8
    EXP             shift and go to state 9
    SINH            shift and go to state 10
    COSH            shift and go to state 11
    TANH            shift and go to state 12
    ASIN            shift and go to state 13
    ACOS            shift and go to state 14
    ATAN            shift and go to state 15
    TAN             shift and go to state 16
    SEC             shift and go to state 17
    LOG             shift and go to state 18
    LPAREN          shift and go to state 4
    NUMBER          shift and go to state 19
    VARIABLE        shift and go to state 20
    PI              shift and go to state 21
    E               shift and go to state 22

    expression                     shift and go to state 54

state 34

    (11) expression -> ABS LPAREN . expression RPAREN
    (1) expression -> . expression PLUS expression
    (2) expression -> . expression MINUS expression
    (3) expression -> . expression TIMES expression
    (4) expression -> . expression DIVIDE expression
    (5) expression -> . expression POWER expression
    (6) expression -> . MINUS expression
    (7) expression -> . SIN LPAREN expression RPAREN
    (8) expression -> . COS LPAREN expression RPAREN
    (9) expression -> . LN LPAREN expression RPAREN
    (10) expression -> . SQRT LPAREN expression RPAREN
    (11) expression -> . ABS LPAREN expression RPAREN
    (12) expression -> . EXP LPAREN expression RPAREN
    (13) expression -> . SINH LPAREN expression RPAREN
    (14) expression -> . COSH LPAREN expression RPAREN
    (15) expression -> . TANH LPAREN expression RPAREN
    (16) expression -> . ASIN LPAREN expression RPAREN
    (17) expression -> . ACOS LPAREN expression RPAREN
    (18) expression -> . ATAN LPAREN expression RPAREN
    (19) expression -> . TAN LPAREN expression RPAREN
    (20) expression -> . SEC LPAREN expression RPAREN
    (21) expression -> . LOG LPAREN expression COMMA expression RPAREN
    (22) expression -> . LPAREN expression RPAREN
    (23) expression -> . NUMBER
    (24) expression -> . VARIABLE
    (25) expression -> . PI
    (26) expression -> . E

    MINUS           shift and go to state 2
    SIN             shift and go to state 3
    COS             shift and go to state 5
    LN              shift and go to state 6
    SQRT            shift and go to state 7
    ABS             shift and go to state 8
    EXP             shift and go to state 9
    SINH            shift and go to state 10
    COSH            shift and go to state 11
    TANH            shift and go to state 12
    ASIN            shift and go to state 13
    ACOS            shift and go to state 14
    ATAN            shift and go to state 15
    TAN             shift and go to state 16
    SEC             shift and go to state 17
    LOG             shift and go to state 18
    LPAREN          shift and go to state 4
    NUMBER          shift and go to state 19
    VARIABLE        shift and go to state 20
    PI              shift and go to state 21
    E               shift and go to state 22

    expression                     shift and go to state 55

state 35

    (12) expression -> EXP LPAREN . expression RPAREN
    (1) expression -> . expression PLUS expression
    (2) expression -> . expression MINUS expression
    (3) expression -> . expression TIMES expression
    (4) expression -> . expression DIVIDE expression
    (5) expression -> . expression POWER expression
    (6) expression -> . MINUS expression
    (7) expression -> . SIN LPAREN expression RPAREN
    (8) expression -> . COS LPAREN expression RPAREN
    (9) expression -> . LN LPAREN expression RPAREN
    (10) expression -> . SQRT LPAREN expression RPAREN
    (11) expression -> . ABS LPAREN expression RPAREN
    (12) expression -> . EXP LPAREN expression RPAREN
    (13) expression -> . SINH LPAREN expression RPAREN
    (14) expression -> . COSH LPAREN expression RPAREN
    (15) expression -> . TANH LPAREN expression RPAREN
    (16) expression -> . ASIN LPAREN expression RPAREN
    (17) expression -> . ACOS LPAREN expression RPAREN
    (18) expression -> . ATAN LPAREN expression RPAREN
    (19) expression -> . TAN LPAREN expression RPAREN
    (20) expression -> . SEC LPAREN expression RPAREN
    (21) expression -> . LOG LPAREN expression COMMA expression RPAREN
    (22) expression -> . LPAREN expression RPAREN
    (23) expression -> . NUMBER
    (24) expression -> . VARIABLE
    (25) expression -> . PI
    (26) expression -> . E

    MINUS           shift and go to state 2
    SIN             shift and go to state 3
    COS             shift and go to state 5
    LN              shift and go to state 6
    SQRT            shift and go to state 7
    ABS             shift and go to state 8
    EXP             shift and go to state 9
    SINH            shift and go to state 10
    COSH            shift and go to state 11
    TANH            shift and go to state 12
    ASIN            shift and go to state 13
    ACOS            shift and go to state 14
    ATAN            shift and go to state 15
    TAN             shift and go to state 16
    SEC             shift and go to state 17
    LOG             shift and go to state 18
    LPAREN          shift and go to state 4
    NUMBER          shift and go to state 19
    VARIABLE        shift and go to state 20
    PI              shift and go to state 21
    E               shift and go to state 22

    expression                     shift and go to state 56

state 36

    (13) expression -> SINH LPAREN . expression RPAREN
    (1) expression -> . expression PLUS expression
    (2) expression -> . expression MINUS expression
    (3) expression -> . expression TIMES expression
    (4) expression -> . expression DIVIDE expression
    (5) expression -> . expression POWER expression
    (6) expression -> . MINUS expression
    (7) expression -> . SIN LPAREN expression RPAREN
    (8) expression -> . COS LPAREN expression RPAREN
    (9) expression -> . LN LPAREN expression RPAREN
    (10) expression -> . SQRT LPAREN expression RPAREN
    (11) expression -> . ABS LPAREN expression RPAREN
    (12) expression -> . EXP LPAREN expression RPAREN
    (13) expression -> . SINH LPAREN expression RPAREN
    (14) expression -> . COSH LPAREN expression RPAREN
    (15) expression -> . TANH LPAREN expression RPAREN
    (16) expression -> . ASIN LPAREN expression RPAREN
    (17) expression -> . ACOS LPAREN expression RPAREN
    (18) expression -> . ATAN LPAREN expression RPAREN
    (19) expression -> . TAN LPAREN expression RPAREN
    (20) expression -> . SEC LPAREN expression RPAREN
    (21) expression -> . LOG LPAREN expression COMMA expression RPAREN
    (22) expression -> . LPAREN expression RPAREN
    (23) expression -> . NUMBER
    (24) expression -> . VARIABLE
    (25) expression -> . PI
    (26) expression -> . E

    MINUS           shift and go to state 2
    SIN             shift and go to state 3
    COS             shift and go to state 5
    LN              shift and go to state 6
    SQRT            shift and go to state 7
    ABS             shift and go to state 8
    EXP             shift and go to state 9
    SINH            shift and go to state 10
    COSH            shift and go to state 11
    TANH            shift and go to state 12
    ASIN            shift and go to state 13
    ACOS            shift and go to state 14
    ATAN            shift and go to state 15
    TAN             shift and go to state 16
    SEC             shift and go to state 17
    LOG             shift and go to state 18
    LPAREN          shift and go to state 4
    NUMBER          shift and go to state 19
    VARIABLE        shift and go to state 20
    PI              shift and go to state 21
    E               shift and go to state 22

    expression                     shift and go to state 57

state 37

    (14) expression -> COSH LPAREN . expression RPAREN
    (1) expression -> . expression PLUS expression
    (2) expression -> . expression MINUS expression
    (3) expression -> . expression TIMES expression
    (4) expression -> . expression DIVIDE expression
    (5) expression -> . expression POWER expression
    (6) expression -> . MINUS expression
    (7) expression -> . SIN LPAREN expression RPAREN
    (8) expression -> . COS LPAREN expression RPAREN
    (9) expression -> . LN LPAREN expression RPAREN
    (10) expression -> . SQRT LPAREN expression RPAREN
    (11) expression -> . ABS LPAREN expression RPAREN
    (12) expression -> . EXP LPAREN expression RPAREN
    (13) expression -> . SINH LPAREN expression RPAREN
    (14) expression -> . COSH LPAREN expression RPAREN
    (15) expression -> . TANH LPAREN expression RPAREN
    (16) expression -> . ASIN LPAREN expression RPAREN
    (17) expression -> . ACOS LPAREN expression RPAREN
    (18) expression -> . ATAN LPAREN expression RPAREN
    (19) expression -> . TAN LPAREN expression RPAREN
    (20) expression -> . SEC LPAREN expression RPAREN
    (21) expression -> . LOG LPAREN expression COMMA expression RPAREN
    (22) expression -> . LPAREN expression RPAREN
    (23) expression -> . NUMBER
    (24) expression -> . VARIABLE
    (25) expression -> . PI
    (26) expression -> . E

    MINUS           shift and go to state 2
    SIN             shift and go to state 3
    COS             shift and go to state 5
    LN              shift and go to state 6
    SQRT            shift and go to state 7
    ABS             shift and go to state 8
    EXP             shift and go to state 9
    SINH            shift and go to state 10
    COSH            shift and go to state 11
    TANH            shift and go to state 12
    ASIN            shift and go to state 13
    ACOS            shift and go to state 14
    ATAN            shift and go to state 15
    TAN             shift and go to state 16
    SEC             shift and go to state 17
    LOG             shift and go to state 18
    LPAREN          shift and go to state 4
    NUMBER          shift and go to state 19
    VARIABLE        shift and go to state 20
    PI              shift and go to state 21
    E               shift and go to state 22

    expression                     shift and go to state 58

state 38

    (15) expression -> TANH LPAREN . expression RPAREN
    (1) expression -> . expression PLUS expression
    (2) expression -> . expression MINUS expression
    (3) expression -> . expression TIMES expression
    (4) expression -> . expression DIVIDE expression
    (5) expression -> . expression POWER expression
    (6) expression -> . MINUS expression
    (7) expression -> . SIN LPAREN expression RPAREN
    (8) expression -> . COS LPAREN expression RPAREN
    (9) expression -> . LN LPAREN expression RPAREN
    (10) expression -> . SQRT LPAREN expression RPAREN
    (11) expression -> . ABS LPAREN expression RPAREN
    (12) expression -> . EXP LPAREN expression RPAREN
    (13) expression -> . SINH LPAREN expression RPAREN
    (14) expression -> . COSH LPAREN expression RPAREN
    (15) expression -> . TANH LPAREN expression RPAREN
    (16) expression -> . ASIN LPAREN expression RPAREN
    (17) expression -> . ACOS LPAREN expression RPAREN
    (18) expression -> . ATAN LPAREN expression RPAREN
    (19) expression -> . TAN LPAREN expression RPAREN
    (20) expression -> . SEC LPAREN expression RPAREN
    (21) expression -> . LOG LPAREN expression COMMA expression RPAREN
    (22) expression -> . LPAREN expression RPAREN
    (23) expression -> . NUMBER
    (24) expression -> . VARIABLE
    (25) expression -> . PI
    (26) expression -> . E

    MINUS           shift and go to state 2
    SIN             shift and go to state 3
    COS             shift and go to state 5
    LN              shift and go to state 6
    SQRT            shift and go to state 7
    ABS             shift and go to state 8
    EXP             shift and go to state 9
    SINH            shift and go to state 10
    COSH            shift and go to state 11
    TANH            shift and go to state 12
    ASIN            shift and go to state 13
    ACOS            shift and go to state 14
    ATAN            shift and go to state 15
    TAN             shift and go to state 16
    SEC             shift and go to state 17
    LOG             shift and go to state 18
    LPAREN          shift and go to state 4
    NUMBER          shift and go to state 19
    VARIABLE        shift and go to state 20
    PI              shift and go to state 21
    E               shift and go to state 22

    expression                     shift and go to state 59

state 39

    (16) expression -> ASIN LPAREN . expression RPAREN
    (1) expression -> . expression PLUS expression
    (2) expression -> . expression MINUS expression
    (3) expression -> . expression TIMES expression
    (4) expression -> . expression DIVIDE expression
    (5) expression -> . expression POWER expression
    (6) expression -> . MINUS expression
    (7) expression -> . SIN LPAREN expression RPAREN
    (8) expression -> . COS LPAREN expression RPAREN
    (9) expression -> . LN LPAREN expression RPAREN
    (10) expression -> . SQRT LPAREN expression RPAREN
    (11) expression -> . ABS LPAREN expression RPAREN
    (12) expression -> . EXP LPAREN expression RPAREN
    (13) expression -> . SINH LPAREN expression RPAREN
    (14) expression -> . COSH LPAREN expression RPAREN
    (15) expression -> . TANH LPAREN expression RPAREN
    (16) expression -> . ASIN LPAREN expression RPAREN
    (17) expression -> . ACOS LPAREN expression RPAREN
    (18) expression -> . ATAN LPAREN expression RPAREN
    (19) expression -> . TAN LPAREN expression RPAREN
    (20) expression -> . SEC LPAREN expression RPAREN
    (21) expression -> . LOG LPAREN expression COMMA expression RPAREN
    (22) expression -> . LPAREN expression RPAREN
    (23) expression -> . NUMBER
    (24) expression -> . VARIABLE
    (25) expression -> . PI
    (26) expression -> . E

    MINUS           shift and go to state 2
    SIN             shift and go to state 3
    COS             shift and go to state 5
    LN              shift and go to state 6
    SQRT            shift and go to state 7
    ABS             shift and go to state 8
    EXP             shift and go to state 9
    SINH            shift and go to state 10
    COSH            shift and go to state 11
    TANH            shift and go to state 12
    ASIN            shift and go to state 13
    ACOS            shift and go to state 14
    ATAN            shift and go to state 15
    TAN             shift and go to state 16
    SEC             shift and go to state 17
    LOG             shift and go to state 18
    LPAREN          shift and go to state 4
    NUMBER          shift and go to state 19
    VARIABLE        shift and go to state 20
    PI              shift and go to state 21
    E               shift and go to state 22

    expression                     shift and go to state 60

state 40

    (17) expression -> ACOS LPAREN . expression RPAREN
    (1) expression -> . expression PLUS expression
    (2) expression -> . expression MINUS expression
    (3) expression -> . expression TIMES expression
    (4) expression -> . expression DIVIDE expression
    (5) expression -> . expression POWER expression
    (6) expression -> . MINUS expression
    (7) expression -> . SIN LPAREN expression RPAREN
    (8) expression -> . COS LPAREN expression RPAREN
    (9) expression -> . LN LPAREN expression RPAREN
    (10) expression -> . SQRT LPAREN expression RPAREN
    (11) expression -> . ABS LPAREN expression RPAREN
    (12) expression -> . EXP LPAREN expression RPAREN
    (13) expression -> . SINH LPAREN expression RPAREN
    (14) expression -> . COSH LPAREN expression RPAREN
    (15) expression -> . TANH LPAREN expression RPAREN
    (16) expression -> . ASIN LPAREN expression RPAREN
    (17) expression -> . ACOS LPAREN expression RPAREN
    (18) expression -> . ATAN LPAREN expression RPAREN
    (19) expression -> . TAN LPAREN expression RPAREN
    (20) expression -> . SEC LPAREN expression RPAREN
    (21) expression -> . LOG LPAREN expression COMMA expression RPAREN
    (22) expression -> . LPAREN expression RPAREN
    (23) expression -> . NUMBER
    (24) expression -> . VARIABLE
    (25) expression -> . PI
    (26) expression -> . E

    MINUS           shift and go to state 2
    SIN             shift and go to state 3
    COS             shift and go to state 5
    LN              shift and go to state 6
    SQRT            shift and go to state 7
    ABS             shift and go to state 8
    EXP             shift and go to state 9
    SINH            shift and go to state 10
    COSH            shift and go to state 11
    TANH            shift and go to state 12
    ASIN            shift and go to state 13
    ACOS            shift and go to state 14
    ATAN            shift and go to state 15
    TAN             shift and go to state 16
    SEC             shift and go to state 17
    LOG             shift and go to state 18
    LPAREN          shift and go to state 4
    NUMBER          shift and go to state 19
    VARIABLE        shift and go to state 20
    PI              shift and go to state 21
    E               shift and go to state 22

    expression                     shift and go to state 61

state 41

    (18) expression -> ATAN LPAREN . expression RPAREN
    (1) expression -> . expression PLUS expression
    (2) expression -> . expression MINUS expression
    (3) expression -> . expression TIMES expression
    (4) expression -> . expression DIVIDE expression
    (5) expression -> . expression POWER expression
    (6) expression -> . MINUS expression
    (7) expression -> . SIN LPAREN expression RPAREN
    (8) expression -> . COS LPAREN expression RPAREN
    (9) expression -> . LN LPAREN expression RPAREN
    (10) expression -> . SQRT LPAREN expression RPAREN
    (11) expression -> . ABS LPAREN expression RPAREN
    (12) expression -> . EXP LPAREN expression RPAREN
    (13) expression -> . SINH LPAREN expression RPAREN
    (14) expression -> . COSH LPAREN expression RPAREN
    (15) expression -> . TANH LPAREN expression RPAREN
    (16) expression -> . ASIN LPAREN expression RPAREN
    (17) expression -> . ACOS LPAREN expression RPAREN
    (18) expression -> . ATAN LPAREN expression RPAREN
    (19) expression -> . TAN LPAREN expression RPAREN
    (20) expression -> . SEC LPAREN expression RPAREN
    (21) expression -> . LOG LPAREN expression COMMA expression RPAREN
    (22) expression -> . LPAREN expression RPAREN
    (23) expression -> . NUMBER
    (24) expression -> . VARIABLE
    (25) expression -> . PI
    (26) expression -> . E

    MINUS           shift and go to state 2
    SIN             shift and go to state 3
    COS             shift and go to state 5
    LN              shift and go to state 6
    SQRT            shift and go to state 7
    ABS             shift and go to state 8
    EXP             shift and go to state 9
    SINH            shift and go to state 10
    COSH            shift and go to state 11
    TANH            shift and go to state 12
    ASIN            shift and go to state 13
    ACOS            shift and go to state 14
    ATAN            shift and go to state 15
    TAN             shift and go to state 16
    SEC             shift and go to state 17
    LOG             shift and go to state 18
    LPAREN          shift and go to state 4
    NUMBER          shift and go to state 19
    VARIABLE        shift and go to state 20
    PI              shift and go to state 21
    E               shift and go to state 22

    expression                     shift and go to state 62

state 42

    (19) expression -> TAN LPAREN . expression RPAREN
    (1) expression -> . expression PLUS expression
    (2) expression -> . expression MINUS expression
    (3) expression -> . expression TIMES expression
    (4) expression -> . expression DIVIDE expression
    (5) expression -> . expression POWER expression
    (6) expression -> . MINUS expression
    (7) expression -> . SIN LPAREN expression RPAREN
    (8) expression -> . COS LPAREN expression RPAREN
    (9) expression -> . LN LPAREN expression RPAREN
    (10) expression -> . SQRT LPAREN expression RPAREN
    (11) expression -> . ABS LPAREN expression RPAREN
    (12) expression -> . EXP LPAREN expression RPAREN
    (13) expression -> . SINH LPAREN expression RPAREN
    (14) expression -> . COSH LPAREN expression RPAREN
    (15) expression -> . TANH LPAREN expression RPAREN
    (16) expression -> . ASIN LPAREN expression RPAREN
    (17) expression -> . ACOS LPAREN expression RPAREN
    (18) expression -> . ATAN LPAREN expression RPAREN
    (19) expression -> . TAN LPAREN expression RPAREN
    (20) expression -> . SEC LPAREN expression RPAREN
    (21) expression -> . LOG LPAREN expression COMMA expression RPAREN
    (22) expression -> . LPAREN expression RPAREN
    (23) expression -> . NUMBER
    (24) expression -> . VARIABLE
    (25) expression -> . PI
    (26) expression -> . E

    MINUS           shift and go to state 2
    SIN             shift and go to state 3
    COS             shift and go to state 5
    LN              shift and go to state 6
    SQRT            shift and go to state 7
    ABS             shift and go to state 8
    EXP             shift and go to state 9
    SINH            shift and go to state 10
    COSH            shift and go to state 11
    TANH            shift and go to state 12
    ASIN            shift and go to state 13
    ACOS            shift and go to state 14
    ATAN            shift and go to state 15
    TAN             shift and go to state 16
    SEC             shift and go to state 17
    LOG             shift and go to state 18
    LPAREN          shift and go to state 4
    NUMBER          shift and go to state 19
    VARIABLE        shift and go to state 20
    PI              shift and go to state 21
    E               shift and go to state 22

    expression                     shift and go to state 63

state 43

    (20) expression -> SEC LPAREN . expression RPAREN
    (1) expression -> . expression PLUS expression
    (2) expression -> . expression MINUS expression
    (3) expression -> . expression TIMES expression
    (4) expression -> . expression DIVIDE expression
    (5) expression -> . expression POWER expression
    (6) expression -> . MINUS expression
    (7) expression -> . SIN LPAREN expression RPAREN
    (8) expression -> . COS LPAREN expression RPAREN
    (9) expression -> . LN LPAREN expression RPAREN
    (10) expression -> . SQRT LPAREN expression RPAREN
    (11) expression -> . ABS LPAREN expression RPAREN
    (12) expression -> . EXP LPAREN expression RPAREN
    (13) expression -> . SINH LPAREN expression RPAREN
    (14) expression -> . COSH LPAREN expression RPAREN
    (15) expression -> . TANH LPAREN expression RPAREN
    (16) expression -> . ASIN LPAREN expression RPAREN
    (17) expression -> . ACOS LPAREN expression RPAREN
    (18) expression -> . ATAN LPAREN expression RPAREN
    (19) expression -> . TAN LPAREN expression RPAREN
    (20) expression -> . SEC LPAREN expression RPAREN
    (21) expression -> . LOG LPAREN expression COMMA expression RPAREN
    (22) expression -> . LPAREN expression RPAREN
    (23) expression -> . NUMBER
    (24) expression -> . VARIABLE
    (25) expression -> . PI
    (26) expression -> . E

    MINUS           shift and go to state 2
    SIN             shift and go to state 3
    COS             shift and go to state 5
    LN              shift and go to state 6
    SQRT            shift and go to state 7
    ABS             shift and go to state 8
    EXP             shift and go to state 9
    SINH            shift and go to state 10
    COSH            shift and go to state 11
    TANH            shift and go to state 12
    ASIN            shift and go to state 13
    ACOS            shift and go to state 14
    ATAN            shift and go to state 15
    TAN             shift and go to state 16
    SEC             shift and go to state 17
    LOG             shift and go to state 18
    LPAREN          shift and go to state 4
    NUMBER          shift and go to state 19
    VARIABLE        shift and go to state 20
    PI              shift and go to state 21
    E               shift and go to state 22

    expression                     shift and go to state 64

state 44

    (21) expression -> LOG LPAREN . expression COMMA expression RPAREN
    (1) expression -> . expression PLUS expression
    (2) expression -> . expression MINUS expression
    (3) expression -> . expression TIMES expression
    (4) expression -> . expression DIVIDE expression
    (5) expression -> . expression POWER expression
    (6) expression -> . MINUS expression
    (7) expression -> . SIN LPAREN expression RPAREN
    (8) expression -> . COS LPAREN expression RPAREN
    (9) expression -> . LN LPAREN expression RPAREN
    (10) expression -> . SQRT LPAREN expression RPAREN
    (11) expression -> . ABS LPAREN expression RPAREN
    (12) expression -> . EXP LPAREN expression RPAREN
    (13) expression -> . SINH LPAREN expression RPAREN
    (14) expression -> . COSH LPAREN expression RPAREN
    (15) expression -> . TANH LPAREN expression RPAREN
    (16) expression -> . ASIN LPAREN expression RPAREN
    (17) expression -> . ACOS LPAREN expression RPAREN
    (18) expression -> . ATAN LPAREN expression RPAREN
    (19) expression -> . TAN LPAREN expression RPAREN
    (20) expression -> . SEC LPAREN expression RPAREN
    (21) expression -> . LOG LPAREN expression COMMA expression RPAREN
    (22) expression -> . LPAREN expression RPAREN
    (23) expression -> . NUMBER
    (24) expression -> . VARIABLE
    (25) expression -> . PI
    (26) expression -> . E

    MINUS           shift and go to state 2
    SIN             shift and go to state 3
    COS             shift and go to state 5
    LN              shift and go to state 6
    SQRT            shift and go to state 7
    ABS             shift and go to state 8
    EXP             shift and go to state 9
    SINH            shift and go to state 10
    COSH            shift and go to state 11
    TANH            shift and go to state 12
    ASIN            shift and go to state 13
    ACOS            shift and go to state 14
    ATAN            shift and go to state 15
    TAN             shift and go to state 16
    SEC             shift and go to state 17
    LOG             shift and go to state 18
    LPAREN          shift and go to state 4
    NUMBER          shift and go to state 19
    VARIABLE        shift and go to state 20
    PI              shift and go to state 21
    E               shift and go to state 22

    expression                     shift and go to state 65

state 45

    (1) expression -> expression PLUS expression .
    (1) expression -> expression . PLUS expression
    (2) expression -> expression . MINUS expression
    (3) expression -> expression . TIMES expression
    (4) expression -> expression . DIVIDE expression
    (5) expression -> expression . POWER expression

    PLUS            reduce using rule 1 (expression -> expression PLUS expression .)
    MINUS           reduce using rule 1 (expression -> expression PLUS expression .)
    $end            reduce using rule 1 (expression -> expression PLUS expression .)
    RPAREN          reduce using rule 1 (expression -> expression PLUS expression .)
    COMMA           reduce using rule 1 (expression -> expression PLUS expression .)
    TIMES           shift and go to state 25
    DIVIDE          shift and go to state 26
    POWER           shift and go to state 27

  ! TIMES           [ reduce using rule 1 (expression -> expression PLUS expression .) ]
  ! DIVIDE          [ reduce using rule 1 (expression -> expression PLUS expression .) ]
  ! POWER           [ reduce using rule 1 (expression -> expression PLUS expression .) ]
  ! PLUS            [ shift and go to state 23 ]
  ! MINUS           [ shift and go to state 24 ]


state 46

    (2) expression -> expression MINUS expression .
    (1) expression -> expression . PLUS expression
    (2) expression -> expression . MINUS expression
    (3) expression -> expression . TIMES expression
    (4) expression -> expression . DIVIDE expression
    (5) expression -> expression . POWER expression

    PLUS            reduce using rule 2 (expression -> expression MINUS expression .)
    MINUS           reduce using rule 2 (expression -> expression MINUS expression .)
    $end            reduce using rule 2 (expression -> expression MINUS expression .)
    RPAREN          reduce using rule 2 (expression -> expression MINUS expression .)
    COMMA           reduce using rule 2 (expression -> expression MINUS expression .)
    TIMES           shift and go to state 25
    DIVIDE          shift and go to state 26
    POWER           shift and go to state 27

  ! TIMES           [ reduce using rule 2 (expression -> expression MINUS expression .) ]
  ! DIVIDE          [ reduce using rule 2 (expression -> expression MINUS expression .) ]
  ! POWER           [ reduce using rule 2 (expression -> expression MINUS expression .) ]
  ! PLUS            [ shift and go to state 23 ]
  ! MINUS           [ shift and go to state 24 ]


state 47

    (3) expression -> expression TIMES expression .
    (1) expression -> expression . PLUS expression
    (2) expression -> expression . MINUS expression
    (3) expression -> expression . TIMES expression
    (4) expression -> expression . DIVIDE expression
    (5) expression -> expression . POWER expression

    PLUS            reduce using rule 3 (expression -> expression TIMES expression .)
    MINUS           reduce using rule 3 (expression -> expression TIMES expression .)
    TIMES           reduce using rule 3 (expression -> expression TIMES expression .)
    DIVIDE          reduce using rule 3 (expression -> expression TIMES expression .)
    $end            reduce using rule 3 (expression -> expression TIMES expression .)
    RPAREN          reduce using rule 3 (expression -> expression TIMES expression .)
    COMMA           reduce using rule 3 (expression -> expression TIMES expression .)
    POWER           shift and go to state 27

  ! POWER           [ reduce using rule 3 (expression -> expression TIMES expression .) ]
  ! PLUS            [ shift and go to state 23 ]
  ! MINUS           [ shift and go to state 24 ]
  ! TIMES           [ shift and go to state 25 ]
  ! DIVIDE          [ shift and go to state 26 ]


state 48

    (4) expression -> expression DIVIDE expression .
    (1) expression -> expression . PLUS expression
    (2) expression -> expression . MINUS expression
    (3) expression -> expression . TIMES expression
    (4) expression -> expression . DIVIDE expression
    (5) expression -> expression . POWER expression

    PLUS            reduce using rule 4 (expression -> expression DIVIDE expression .)
    MINUS           reduce using rule 4 (expression -> expression DIVIDE expression .)
    TIMES           reduce using rule 4 (expression -> expression DIVIDE expression .)
    DIVIDE          reduce using rule 4 (expression -> expression DIVIDE expression .)
    $end            reduce using rule 4 (expression -> expression DIVIDE expression .)
    RPAREN          reduce using rule 4 (expression -> expression DIVIDE expression .)
    COMMA           reduce using rule 4 (expression -> expression DIVIDE expression .)
    POWER           shift and go to state 27

  ! POWER           [ reduce using rule 4 (expression -> expression DIVIDE expression .) ]
  ! PLUS            [ shift and go to state 23 ]
  ! MINUS           [ shift and go to state 24 ]
  ! TIMES           [ shift and go to state 25 ]
  ! DIVIDE          [ shift and go to state 26 ]


state 49

    (5) expression -> expression POWER expression .
    (1) expression -> expression . PLUS expression
    (2) expression -> expression . MINUS expression
    (3) expression -> expression . TIMES expression
    (4) expression -> expression . DIVIDE expression
    (5) expression -> expression . POWER expression

    PLUS            reduce using rule 5 (expression -> expression POWER expression .)
    MINUS           reduce using rule 5 (expression -> expression POWER expression .)
    TIMES           reduce using rule 5 (expression -> expression POWER expression .)
    DIVIDE          reduce using rule 5 (expression -> expression POWER expression .)
    $end            reduce using rule 5 (expression -> expression POWER expression .)
    RPAREN          reduce using rule 5 (expression -> expression POWER expression .)
    COMMA           reduce using rule 5 (expression -> expression POWER expression .)
    POWER           shift and go to state 27

  ! POWER           [ reduce using rule 5 (expression -> expression POWER expression .) ]
  ! PLUS            [ shift and go to state 23 ]
  ! MINUS           [ shift and go to state 24 ]
  ! TIMES           [ shift and go to state 25 ]
  ! DIVIDE          [ shift and go to state 26 ]


state 50

    (7) expression -> SIN LPAREN expression . RPAREN
    (1) expression -> expression . PLUS expression
    (2) expression -> expression . MINUS expression
    (3) expression -> expression . TIMES expression
    (4) expression -> expression . DIVIDE expression
    (5) expression -> expression . POWER expression

    RPAREN          shift and go to state 66
    PLUS            shift and go to state 23
    MINUS           shift and go to state 24
    TIMES           shift and go to state 25
    DIVIDE          shift and go to state 26
    POWER           shift and go to state 27


state 51

    (22) expression -> LPAREN expression RPAREN .

    PLUS            reduce using rule 22 (expression -> LPAREN expression RPAREN .)
    MINUS           reduce using rule 22 (expression -> LPAREN expression RPAREN .)
    TIMES           reduce using rule 22 (expression -> LPAREN expression RPAREN .)
    DIVIDE          reduce using rule 22 (expression -> LPAREN expression RPAREN .)
    POWER           reduce using rule 22 (expression -> LPAREN expression RPAREN .)
    $end            reduce using rule 22 (expression -> LPAREN expression RPAREN .)
    RPAREN          reduce using rule 22 (expression -> LPAREN expression RPAREN .)
    COMMA           reduce using rule 22 (expression -> LPAREN expression RPAREN .)


state 52

    (8) expression -> COS LPAREN expression . RPAREN
    (1) expression -> expression . PLUS expression
    (2) expression -> expression . MINUS expression
    (3) expression -> expression . TIMES expression
    (4) expression -> expression . DIVIDE expression
    (5) expression -> expression . POWER expression

    RPAREN          shift and go to state 67
    PLUS            shift and go to state 23
    MINUS           shift and go to state 24
    TIMES           shift and go to state 25
    DIVIDE          shift and go to state 26
    POWER           shift and go to state 27


state 53

    (9) expression -> LN LPAREN expression . RPAREN
    (1) expression -> expression . PLUS expression
    (2) expression -> expression . MINUS expression
    (3) expression -> expression . TIMES expression
    (4) expression -> expression . DIVIDE expression
    (5) expression -> expression . POWER expression

    RPAREN          shift and go to state 68
    PLUS            shift and go to state 23
    MINUS           shift and go to state 24
    TIMES           shift and go to state 25
    DIVIDE          shift and go to state 26
    POWER           shift and go to state 27


state 54

    (10) expression -> SQRT LPAREN expression . RPAREN
    (1) expression -> expression . PLUS expression
    (2) expression -> expression . MINUS expression
    (3) expression -> expression . TIMES expression
    (4) expression -> expression . DIVIDE expression
    (5) expression -> expression . POWER expression

    RPAREN          shift and go to state 69
    PLUS            shift and go to state 23
    MINUS           shift and go to state 24
    TIMES           shift and go to state 25
    DIVIDE          shift and go to state 26
    POWER           shift and go to state 27


state 55

    (11) expression -> ABS LPAREN expression . RPAREN
    (1) expression -> expression . PLUS expression
    (2) expression -> expression . MINUS expression
    (3) expression -> expression . TIMES expression
    (4) expression -> expression . DIVIDE expression
    (5) expression -> expression . POWER expression

    RPAREN          shift and go to state 70
    PLUS            shift and go to state 23
    MINUS           shift and go to state 24
    TIMES           shift and go to state 25
    DIVIDE          shift and go to state 26
    POWER           shift and go to state 27


state 56

    (12) expression -> EXP LPAREN expression . RPAREN
    (1) expression -> expression . PLUS expression
    (2) expression -> expression . MINUS expression
    (3) expression -> expression . TIMES expression
    (4) expression -> expression . DIVIDE expression
    (5) expression -> expression . POWER expression

    RPAREN          shift and go to state 71
    PLUS            shift and go to state 23
    MINUS           shift and go to state 24
    TIMES           shift and go to state 25
    DIVIDE          shift and go to state 26
    POWER           shift and go to state 27


state 57

    (13) expression -> SINH LPAREN expression . RPAREN
    (1) expression -> expression . PLUS expression
    (2) expression -> expression . MINUS expression
    (3) expression -> expression . TIMES expression
    (4) expression -> expression . DIVIDE expression
    (5) expression -> expression . POWER expression

    RPAREN          shift and go to state 72
    PLUS            shift and go to state 23
    MINUS           shift and go to state 24
    TIMES           shift and go to state 25
    DIVIDE          shift and go to state 26
    POWER           shift and go to state 27


state 58

    (14) expression -> COSH LPAREN expression . RPAREN
    (1) expression -> expression . PLUS expression
    (2) expression -> expression . MINUS expression
    (3) expression -> expression . TIMES expression
    (4) expression -> expression . DIVIDE expression
    (5) expression -> expression . POWER expression

    RPAREN          shift and go to state 73
    PLUS            shift and go to state 23
    MINUS           shift and go to state 24
    TIMES           shift and go to state 25
    DIVIDE          shift and go to state 26
    POWER           shift and go to state 27


state 59

    (15) expression -> TANH LPAREN expression . RPAREN
    (1) expression -> expression . PLUS expression
    (2) expression -> expression . MINUS expression
    (3) expression -> expression . TIMES expression
    (4) expression -> expression . DIVIDE expression
    (5) expression -> expression . POWER expression

    RPAREN          shift and go to state 74
    PLUS            shift and go to state 23
    MINUS           shift and go to state 24
    TIMES           shift and go to state 25
    DIVIDE          shift and go to state 26
    POWER           shift and go to state 27


state 60

    (16) expression -> ASIN LPAREN expression . RPAREN
    (1) expression -> expression . PLUS expression
    (2) expression -> expression . MINUS expression
    (3) expression -> expression . TIMES expression
    (4) expression -> expression . DIVIDE expression
    (5) expression -> expression . POWER expression

    RPAREN          shift and go to state 75
    PLUS            shift and go to state 23
    MINUS           shift and go to state 24
    TIMES           shift and go to state 25
    DIVIDE          shift and go to state 26
    POWER           shift and go to state 27


state 61

    (17) expression -> ACOS LPAREN expression . RPAREN
    (1) expression -> expression . PLUS expression
    (2) expression -> expression . MINUS expression
    (3) expression -> expression . TIMES expression
    (4) expression -> expression . DIVIDE expression
    (5) expression -> expression . POWER expression

    RPAREN          shift and go to state 76
    PLUS            shift and go to state 23
    MINUS           shift and go to state 24
    TIMES           shift and go to state 25
    DIVIDE          shift and go to state 26
    POWER           shift and go to state 27


state 62

    (18) expression -> ATAN LPAREN expression . RPAREN
    (1) expression -> expression . PLUS expression
    (2) expression -> expression . MINUS expression
    (3) expression -> expression . TIMES expression
    (4) expression -> expression . DIVIDE expression
    (5) expression -> expression . POWER expression

    RPAREN          shift and go to state 77
    PLUS            shift and go to state 23
    MINUS           shift and go to state 24
    TIMES           shift and go to state 25
    DIVIDE          shift and go to state 26
    POWER           shift and go to state 27


state 63

    (19) expression -> TAN LPAREN expression . RPAREN
    (1) expression -> expression . PLUS expression
    (2) expression -> expression . MINUS expression
    (3) expression -> expression . TIMES expression
    (4) expression -> expression . DIVIDE expression
    (5) expression -> expression . POWER expression

    RPAREN          shift and go to state 78
    PLUS            shift and go to state 23
    MINUS           shift and go to state 24
    TIMES           shift and go to state 25
    DIVIDE          shift and go to state 26
    POWER           shift and go to state 27


state 64

    (20) expression -> SEC LPAREN expression . RPAREN
    (1) expression -> expression . PLUS expression
    (2) expression -> expression . MINUS expression
    (3) expression -> expression . TIMES expression
    (4) expression -> expression . DIVIDE expression
    (5) expression -> expression . POWER expression

    RPAREN          shift and go to state 79
    PLUS            shift and go to state 23
    MINUS           shift and go to state 24
    TIMES           shift and go to state 25
    DIVIDE          shift and go to state 26
    POWER           shift and go to state 27


state 65

    (21) expression -> LOG LPAREN expression . COMMA expression RPAREN
    (1) expression -> expression . PLUS expression
    (2) expression -> expression . MINUS expression
    (3) expression -> expression . TIMES expression
    (4) expression -> expression . DIVIDE expression
    (5) expression -> expression . POWER expression

    COMMA           shift and go to state 80
    PLUS            shift and go to state 23
    MINUS           shift and go to state 24
    TIMES           shift and go to state 25
    DIVIDE          shift and go to state 26
    POWER           shift and go to state 27


state 66

    (7) expression -> SIN LPAREN expression RPAREN .

    PLUS            reduce using rule 7 (expression -> SIN LPAREN expression RPAREN .)
    MINUS           reduce using rule 7 (expression -> SIN LPAREN expression RPAREN .)
    TIMES           reduce using rule 7 (expression -> SIN LPAREN expression RPAREN .)
    DIVIDE          reduce using rule 7 (expression -> SIN LPAREN expression RPAREN .)
    POWER           reduce using rule 7 (expression -> SIN LPAREN expression RPAREN .)
    $end            reduce using rule 7 (expression -> SIN LPAREN expression RPAREN .)
    RPAREN          reduce using rule 7 (expression -> SIN LPAREN expression RPAREN .)
    COMMA           reduce using rule 7 (expression -> SIN LPAREN expression RPAREN .)


state 67

    (8) expression -> COS LPAREN expression RPAREN .

    PLUS            reduce using rule 8 (expression -> COS LPAREN expression RPAREN .)
    MINUS           reduce using rule 8 (expression -> COS LPAREN expression RPAREN .)
    TIMES           reduce using rule 8 (expression -> COS LPAREN expression RPAREN .)
    DIVIDE          reduce using rule 8 (expression -> COS LPAREN expression RPAREN .)
    POWER           reduce using rule 8 (expression -> COS LPAREN expression RPAREN .)
    $end            reduce using rule 8 (expression -> COS LPAREN expression RPAREN .)
    RPAREN          reduce using rule 8 (expression -> COS LPAREN expression RPAREN .)
    COMMA           reduce using rule 8 (expression -> COS LPAREN expression RPAREN .)


state 68

    (9) expression -> LN LPAREN expression RPAREN .

    PLUS            reduce using rule 9 (expression -> LN LPAREN expression RPAREN .)
    MINUS           reduce using rule 9 (expression -> LN LPAREN expression RPAREN .)
    TIMES           reduce using rule 9 (expression -> LN LPAREN expression RPAREN .)
    DIVIDE          reduce using rule 9 (expression -> LN LPAREN expression RPAREN .)
    POWER           reduce using rule 9 (expression -> LN LPAREN expression RPAREN .)
    $end            reduce using rule 9 (expression -> LN LPAREN expression RPAREN .)
    RPAREN          reduce using rule 9 (expression -> LN LPAREN expression RPAREN .)
    COMMA           reduce using rule 9 (expression -> LN LPAREN expression RPAREN .)


state 69

    (10) expression -> SQRT LPAREN expression RPAREN .

    PLUS            reduce using rule 10 (expression -> SQRT LPAREN expression RPAREN .)
    MINUS           reduce using rule 10 (expression -> SQRT LPAREN expression RPAREN .)
    TIMES           reduce using rule 10 (expression -> SQRT LPAREN expression RPAREN .)
    DIVIDE          reduce using rule 10 (expression -> SQRT LPAREN expression RPAREN .)
    POWER           reduce using rule 10 (expression -> SQRT LPAREN expression RPAREN .)
    $end            reduce using rule 10 (expression -> SQRT LPAREN expression RPAREN .)
    RPAREN          reduce using rule 10 (expression -> SQRT LPAREN expression RPAREN .)
    COMMA           reduce using rule 10 (expression -> SQRT LPAREN expression RPAREN .)


state 70

    (11) expression -> ABS LPAREN expression RPAREN .

    PLUS            reduce using rule 11 (expression -> ABS LPAREN expression RPAREN .)
    MINUS           reduce using rule 11 (expression -> ABS LPAREN expression RPAREN .)
    TIMES           reduce using rule 11 (expression -> ABS LPAREN expression RPAREN .)
    DIVIDE          reduce using rule 11 (expression -> ABS LPAREN expression RPAREN .)
    POWER           reduce using rule 11 (expression -> ABS LPAREN expression RPAREN .)
    $end            reduce using rule 11 (expression -> ABS LPAREN expression RPAREN .)
    RPAREN          reduce using rule 11 (expression -> ABS LPAREN expression RPAREN .)
    COMMA           reduce using rule 11 (expression -> ABS LPAREN expression RPAREN .)


state 71

    (12) expression -> EXP LPAREN expression RPAREN .

    PLUS            reduce using rule 12 (expression -> EXP LPAREN expression RPAREN .)
    MINUS           reduce using rule 12 (expression -> EXP LPAREN expression RPAREN .)
    TIMES           reduce using rule 12 (expression -> EXP LPAREN expression RPAREN .)
    DIVIDE          reduce using rule 12 (expression -> EXP LPAREN expression RPAREN .)
    POWER           reduce using rule 12 (expression -> EXP LPAREN expression RPAREN .)
    $end            reduce using rule 12 (expression -> EXP LPAREN expression RPAREN .)
    RPAREN          reduce using rule 12 (expression -> EXP LPAREN expression RPAREN .)
    COMMA           reduce using rule 12 (expression -> EXP LPAREN expression RPAREN .)


state 72

    (13) expression -> SINH LPAREN expression RPAREN .

    PLUS            reduce using rule 13 (expression -> SINH LPAREN expression RPAREN .)
    MINUS           reduce using rule 13 (expression -> SINH LPAREN expression RPAREN .)
    TIMES           reduce using rule 13 (expression -> SINH LPAREN expression RPAREN .)
    DIVIDE          reduce using rule 13 (expression -> SINH LPAREN expression RPAREN .)
    POWER           reduce using rule 13 (expression -> SINH LPAREN expression RPAREN .)
    $end            reduce using rule 13 (expression -> SINH LPAREN expression RPAREN .)
    RPAREN          reduce using rule 13 (expression -> SINH LPAREN expression RPAREN .)
    COMMA           reduce using rule 13 (expression -> SINH LPAREN expression RPAREN .)


state 73

    (14) expression -> COSH LPAREN expression RPAREN .

    PLUS            reduce using rule 14 (expression -> COSH LPAREN expression RPAREN .)
    MINUS           reduce using rule 14 (expression -> COSH LPAREN expression RPAREN .)
    TIMES           reduce using rule 14 (expression -> COSH LPAREN expression RPAREN .)
    DIVIDE          reduce using rule 14 (expression -> COSH LPAREN expression RPAREN .)
    POWER           reduce using rule 14 (expression -> COSH LPAREN expression RPAREN .)
    $end            reduce using rule 14 (expression -> COSH LPAREN expression RPAREN .)
    RPAREN          reduce using rule 14 (expression -> COSH LPAREN expression RPAREN .)
    COMMA           reduce using rule 14 (expression -> COSH LPAREN expression RPAREN .)


state 74

    (15) expression -> TANH LPAREN expression RPAREN .

    PLUS            reduce using rule 15 (expression -> TANH LPAREN expression RPAREN .)
    MINUS           reduce using rule 15 (expression -> TANH LPAREN expression RPAREN .)
    TIMES           reduce using rule 15 (expression -> TANH LPAREN expression RPAREN .)
    DIVIDE          reduce using rule 15 (expression -> TANH LPAREN expression RPAREN .)
    POWER           reduce using rule 15 (expression -> TANH LPAREN expression RPAREN .)
    $end            reduce using rule 15 (expression -> TANH LPAREN expression RPAREN .)
    RPAREN          reduce using rule 15 (expression -> TANH LPAREN expression RPAREN .)
    COMMA           reduce using rule 15 (expression -> TANH LPAREN expression RPAREN .)


state 75

    (16) expression -> ASIN LPAREN expression RPAREN .

    PLUS            reduce using rule 16 (expression -> ASIN LPAREN expression RPAREN .)
    MINUS           reduce using rule 16 (expression -> ASIN LPAREN expression RPAREN .)
    TIMES           reduce using rule 16 (expression -> ASIN LPAREN expression RPAREN .)
    DIVIDE          reduce using rule 16 (expression -> ASIN LPAREN expression RPAREN .)
    POWER           reduce using rule 16 (expression -> ASIN LPAREN expression RPAREN .)
    $end            reduce using rule 16 (expression -> ASIN LPAREN expression RPAREN .)
    RPAREN          reduce using rule 16 (expression -> ASIN LPAREN expression RPAREN .)
    COMMA           reduce using rule 16 (expression -> ASIN LPAREN expression RPAREN .)


state 76

    (17) expression -> ACOS LPAREN expression RPAREN .

    PLUS            reduce using rule 17 (expression -> ACOS LPAREN expression RPAREN .)
    MINUS           reduce using rule 17 (expression -> ACOS LPAREN expression RPAREN .)
    TIMES           reduce using rule 17 (expression -> ACOS LPAREN expression RPAREN .)
    DIVIDE          reduce using rule 17 (expression -> ACOS LPAREN expression RPAREN .)
    POWER           reduce using rule 17 (expression -> ACOS LPAREN expression RPAREN .)
    $end            reduce using rule 17 (expression -> ACOS LPAREN expression RPAREN .)
    RPAREN          reduce using rule 17 (expression -> ACOS LPAREN expression RPAREN .)
    COMMA           reduce using rule 17 (expression -> ACOS LPAREN expression RPAREN .)


state 77

    (18) expression -> ATAN LPAREN expression RPAREN .

    PLUS            reduce using rule 18 (expression -> ATAN LPAREN expression RPAREN .)
    MINUS           reduce using rule 18 (expression -> ATAN LPAREN expression RPAREN .)
    TIMES           reduce using rule 18 (expression -> ATAN LPAREN expression RPAREN .)
    DIVIDE          reduce using rule 18 (expression -> ATAN LPAREN expression RPAREN .)
    POWER           reduce using rule 18 (expression -> ATAN LPAREN expression RPAREN .)
    $end            reduce using rule 18 (expression -> ATAN LPAREN expression RPAREN .)
    RPAREN          reduce using rule 18 (expression -> ATAN LPAREN expression RPAREN .)
    COMMA           reduce using rule 18 (expression -> ATAN LPAREN expression RPAREN .)


state 78

    (19) expression -> TAN LPAREN expression RPAREN .

    PLUS            reduce using rule 19 (expression -> TAN LPAREN expression RPAREN .)
    MINUS           reduce using rule 19 (expression -> TAN LPAREN expression RPAREN .)
    TIMES           reduce using rule 19 (expression -> TAN LPAREN expression RPAREN .)
    DIVIDE          reduce using rule 19 (expression -> TAN LPAREN expression RPAREN .)
    POWER           reduce using rule 19 (expression -> TAN LPAREN expression RPAREN .)
    $end            reduce using rule 19 (expression -> TAN LPAREN expression RPAREN .)
    RPAREN          reduce using rule 19 (expression -> TAN LPAREN expression RPAREN .)
    COMMA           reduce using rule 19 (expression -> TAN LPAREN expression RPAREN .)


state 79

    (20) expression -> SEC LPAREN expression RPAREN .

    PLUS            reduce using rule 20 (expression -> SEC LPAREN expression RPAREN .)
    MINUS           reduce using rule 20 (expression -> SEC LPAREN expression RPAREN .)
    TIMES           reduce using rule 20 (expression -> SEC LPAREN expression RPAREN .)
    DIVIDE          reduce using rule 20 (expression -> SEC LPAREN expression RPAREN .)
    POWER           reduce using rule 20 (expression -> SEC LPAREN expression RPAREN .)
    $end            reduce using rule 20 (expression -> SEC LPAREN expression RPAREN .)
    RPAREN          reduce using rule 20 (expression -> SEC LPAREN expression RPAREN .)
    COMMA           reduce using rule 20 (expression -> SEC LPAREN expression RPAREN .)


state 80

    (21) expression -> LOG LPAREN expression COMMA . expression RPAREN
    (1) expression -> . expression PLUS expression
    (2) expression -> . expression MINUS expression
    (3) expression -> . expression TIMES expression
    (4) expression -> . expression DIVIDE expression
    (5) expression -> . expression POWER expression
    (6) expression -> . MINUS expression
    (7) expression -> . SIN LPAREN expression RPAREN
    (8) expression -> . COS LPAREN expression RPAREN
    (9) expression -> . LN LPAREN expression RPAREN
    (10) expression -> . SQRT LPAREN expression RPAREN
    (11) expression -> . ABS LPAREN expression RPAREN
    (12) expression -> . EXP LPAREN expression RPAREN
    (13) expression -> . SINH LPAREN expression RPAREN
    (14) expression -> . COSH LPAREN expression RPAREN
    (15) expression -> . TANH LPAREN expression RPAREN
    (16) expression -> . ASIN LPAREN expression RPAREN
    (17) expression -> . ACOS LPAREN expression RPAREN
    (18) expression -> . ATAN LPAREN expression RPAREN
    (19) expression -> . TAN LPAREN expression RPAREN
    (20) expression -> . SEC LPAREN expression RPAREN
    (21) expression -> . LOG LPAREN expression COMMA expression RPAREN
    (22) expression -> . LPAREN expression RPAREN
    (23) expression -> . NUMBER
    (24) expression -> . VARIABLE
    (25) expression -> . PI
    (26) expression -> . E

    MINUS           shift and go to state 2
    SIN             shift and go to state 3
    COS             shift and go to state 5
    LN              shift and go to state 6
    SQRT            shift and go to state 7
    ABS             shift and go to state 8
    EXP             shift and go to state 9
    SINH            shift and go to state 10
    COSH            shift and go to state 11
    TANH            shift and go to state 12
    ASIN            shift and go to state 13
    ACOS            shift and go to state 14
    ATAN            shift and go to state 15
    TAN             shift and go to state 16
    SEC             shift and go to state 17
    LOG             shift and go to state 18
    LPAREN          shift and go to state 4
    NUMBER          shift and go to state 19
    VARIABLE        shift and go to state 20
    PI              shift and go to state 21
    E               shift and go to state 22

    expression                     shift and go to state 81

state 81

    (21) expression -> LOG LPAREN expression COMMA expression . RPAREN
    (1) expression -> expression . PLUS expression
    (2) expression -> expression . MINUS expression
    (3) expression -> expression . TIMES expression
    (4) expression -> expression . DIVIDE expression
    (5) expression -> expression . POWER expression

    RPAREN          shift and go to state 82
    PLUS            shift and go to state 23
    MINUS           shift and go to state 24
    TIMES           shift and go to state 25
    DIVIDE          shift and go to state 26
    POWER           shift and go to state 27


state 82

    (21) expression -> LOG LPAREN expression COMMA expression RPAREN .

    PLUS            reduce using rule 21 (expression -> LOG LPAREN expression COMMA expression RPAREN .)
    MINUS           reduce using rule 21 (expression -> LOG LPAREN expression COMMA expression RPAREN .)
    TIMES           reduce using rule 21 (expression -> LOG LPAREN expression COMMA expression RPAREN .)
    DIVIDE          reduce using rule 21 (expression -> LOG LPAREN expression COMMA expression RPAREN .)
    POWER           reduce using rule 21 (expression -> LOG LPAREN expression COMMA expression RPAREN .)
    $end            reduce using rule 21 (expression -> LOG LPAREN expression COMMA expression RPAREN .)
    RPAREN          reduce using rule 21 (expression -> LOG LPAREN expression COMMA expression RPAREN .)
    COMMA           reduce using rule 21 (expression -> LOG LPAREN expression COMMA expression RPAREN .)

